[27-Jan-2018 19:24:42 UTC] PHP Warning:  include_once(db/config.php): failed to open stream: No such file or directory in /home/ubuntu/workspace/include/addcharacter.php on line 2
[27-Jan-2018 19:24:42 UTC] PHP Stack trace:
[27-Jan-2018 19:24:42 UTC] PHP   1. {main}() /home/ubuntu/workspace/include/addcharacter.php:0
[27-Jan-2018 19:24:42 UTC] PHP Warning:  include_once(): Failed opening 'db/config.php' for inclusion (include_path='.:/usr/share/php:/usr/share/pear') in /home/ubuntu/workspace/include/addcharacter.php on line 2
[27-Jan-2018 19:24:42 UTC] PHP Stack trace:
[27-Jan-2018 19:24:42 UTC] PHP   1. {main}() /home/ubuntu/workspace/include/addcharacter.php:0
[27-Jan-2018 19:24:42 UTC] PHP Fatal error:  Call to a member function prepare() on a non-object in /home/ubuntu/workspace/include/addcharacter.php on line 18
[27-Jan-2018 19:24:42 UTC] PHP Stack trace:
[27-Jan-2018 19:24:42 UTC] PHP   1. {main}() /home/ubuntu/workspace/include/addcharacter.php:0
[27-Jan-2018 19:30:16 UTC] PHP Warning:  include_once(db/config.php): failed to open stream: No such file or directory in /home/ubuntu/workspace/include/addcharacter.php on line 2
[27-Jan-2018 19:30:16 UTC] PHP Stack trace:
[27-Jan-2018 19:30:16 UTC] PHP   1. {main}() /home/ubuntu/workspace/include/addcharacter.php:0
[27-Jan-2018 19:30:16 UTC] PHP Warning:  include_once(): Failed opening 'db/config.php' for inclusion (include_path='.:/usr/share/php:/usr/share/pear') in /home/ubuntu/workspace/include/addcharacter.php on line 2
[27-Jan-2018 19:30:16 UTC] PHP Stack trace:
[27-Jan-2018 19:30:16 UTC] PHP   1. {main}() /home/ubuntu/workspace/include/addcharacter.php:0
[27-Jan-2018 19:30:16 UTC] PHP Fatal error:  Call to a member function prepare() on a non-object in /home/ubuntu/workspace/include/addcharacter.php on line 18
[27-Jan-2018 19:30:16 UTC] PHP Stack trace:
[27-Jan-2018 19:30:16 UTC] PHP   1. {main}() /home/ubuntu/workspace/include/addcharacter.php:0
[27-Jan-2018 20:01:21 UTC] PHP Warning:  mysqli_query() expects at least 2 parameters, 1 given in /home/ubuntu/workspace/include/addcharacter.php on line 16
[27-Jan-2018 20:01:21 UTC] PHP Stack trace:
[27-Jan-2018 20:01:21 UTC] PHP   1. {main}() /home/ubuntu/workspace/include/addcharacter.php:0
[27-Jan-2018 20:01:21 UTC] PHP   2. mysqli_query() /home/ubuntu/workspace/include/addcharacter.php:16
[27-Jan-2018 20:01:21 UTC] PHP Fatal error:  Call to undefined function mysqli_result() in /home/ubuntu/workspace/include/addcharacter.php on line 17
[27-Jan-2018 20:01:21 UTC] PHP Stack trace:
[27-Jan-2018 20:01:21 UTC] PHP   1. {main}() /home/ubuntu/workspace/include/addcharacter.php:0
[27-Jan-2018 20:01:48 UTC] PHP Warning:  mysql_query(): Access denied for user ''@'localhost' (using password: NO) in /home/ubuntu/workspace/include/addcharacter.php on line 16
[27-Jan-2018 20:01:48 UTC] PHP Stack trace:
[27-Jan-2018 20:01:48 UTC] PHP   1. {main}() /home/ubuntu/workspace/include/addcharacter.php:0
[27-Jan-2018 20:01:48 UTC] PHP   2. mysql_query() /home/ubuntu/workspace/include/addcharacter.php:16
[27-Jan-2018 20:01:48 UTC] PHP Warning:  mysql_query(): A link to the server could not be established in /home/ubuntu/workspace/include/addcharacter.php on line 16
[27-Jan-2018 20:01:48 UTC] PHP Stack trace:
[27-Jan-2018 20:01:48 UTC] PHP   1. {main}() /home/ubuntu/workspace/include/addcharacter.php:0
[27-Jan-2018 20:01:48 UTC] PHP   2. mysql_query() /home/ubuntu/workspace/include/addcharacter.php:16
[27-Jan-2018 20:01:48 UTC] PHP Warning:  mysql_result() expects parameter 1 to be resource, boolean given in /home/ubuntu/workspace/include/addcharacter.php on line 17
[27-Jan-2018 20:01:48 UTC] PHP Stack trace:
[27-Jan-2018 20:01:48 UTC] PHP   1. {main}() /home/ubuntu/workspace/include/addcharacter.php:0
[27-Jan-2018 20:01:48 UTC] PHP   2. mysql_result() /home/ubuntu/workspace/include/addcharacter.php:17
[28-Jan-2018 09:54:19 UTC] PHP Fatal error:  Call to undefined method stdClass::ucfirst() in /home/ubuntu/workspace/include/viewcharacters.php on line 33
[28-Jan-2018 09:54:19 UTC] PHP Stack trace:
[28-Jan-2018 09:54:19 UTC] PHP   1. {main}() /home/ubuntu/workspace/include/viewcharacters.php:0
[28-Jan-2018 10:00:53 UTC] PHP Fatal error:  Call to undefined method stdClass::ucfirst() in /home/ubuntu/workspace/include/viewcharacters.php on line 33
[28-Jan-2018 10:00:53 UTC] PHP Stack trace:
[28-Jan-2018 10:00:53 UTC] PHP   1. {main}() /home/ubuntu/workspace/include/viewcharacters.php:0
[29-Jan-2018 18:02:07 UTC] PHP Parse error:  syntax error, unexpected 'UTF' (T_STRING), expecting ',' or ';' in /home/ubuntu/workspace/include/viewcharacters.php on line 34
[31-Jan-2018 16:57:44 UTC] PHP Warning:  require_once(include/dbconf.php): failed to open stream: No such file or directory in /home/ubuntu/workspace/include/modify.php on line 2
[31-Jan-2018 16:57:44 UTC] PHP Stack trace:
[31-Jan-2018 16:57:44 UTC] PHP   1. {main}() /home/ubuntu/workspace/include/modify.php:0
[31-Jan-2018 16:57:44 UTC] PHP Fatal error:  require_once(): Failed opening required 'include/dbconf.php' (include_path='.:/usr/share/php:/usr/share/pear') in /home/ubuntu/workspace/include/modify.php on line 2
[31-Jan-2018 16:57:44 UTC] PHP Stack trace:
[31-Jan-2018 16:57:44 UTC] PHP   1. {main}() /home/ubuntu/workspace/include/modify.php:0
[31-Jan-2018 17:07:24 UTC] PHP Warning:  require_once(../db/conf.php): failed to open stream: No such file or directory in /home/ubuntu/workspace/include/modify_landing.php on line 2
[31-Jan-2018 17:07:24 UTC] PHP Stack trace:
[31-Jan-2018 17:07:24 UTC] PHP   1. {main}() /home/ubuntu/workspace/include/modify_landing.php:0
[31-Jan-2018 17:07:24 UTC] PHP Fatal error:  require_once(): Failed opening required '../db/conf.php' (include_path='.:/usr/share/php:/usr/share/pear') in /home/ubuntu/workspace/include/modify_landing.php on line 2
[31-Jan-2018 17:07:24 UTC] PHP Stack trace:
[31-Jan-2018 17:07:24 UTC] PHP   1. {main}() /home/ubuntu/workspace/include/modify_landing.php:0
